<?xml version="1.0" encoding="UTF-8"?>
<!-- Generated by org.testng.reporters.JUnitReportReporter -->
<testsuite skipped="0" hostname="DESKTOP-9RKPRPI" name="word.press.project.WordPressFreameworkPractice.AlertPop" tests="1" failures="0" timestamp="04 Sep 2019 08:00:10 GMT" time="0.234" errors="0">
  <testcase name="f" time="0.234" classname="word.press.project.WordPressFreameworkPractice.AlertPop"/>
</testsuite> <!-- word.press.project.WordPressFreameworkPractice.AlertPop -->
